<?xml version="1.0" encoding="UTF-8"?>
<testsuite xmlns:xsi="http://www.w3.org/2001/XMLSchema-instance" xsi:noNamespaceSchemaLocation="https://maven.apache.org/surefire/maven-surefire-plugin/xsd/surefire-test-report-3.0.xsd" version="3.0" name="com.h.udemy.java.uservices.payment.domain.service.PaymentRequestMessageListenerTest" time="0.042" tests="5" errors="0" skipped="0" failures="0">
  <properties>
[...]
</properties>
  <testcase name="contextLoads" classname="com.h.udemy.java.uservices.payment.domain.service.PaymentRequestMessageListenerTest" time="0.007">
    <system-out><![CDATA[04-12-2024 14:45:11.923 [main] INFO  o.s.b.t.c.SpringBootTestContextBootstrapper.buildDefaultMergedContextConfiguration - Neither @ContextConfiguration nor @ContextHierarchy found for test class [com.h.udemy.java.uservices.payment.domain.service.PaymentRequestMessageListenerTest], using SpringBootContextLoader
04-12-2024 14:45:11.925 [main] INFO  o.s.t.c.s.AbstractContextLoader.generateDefaultLocations - Could not detect default resource locations for test class [com.h.udemy.java.uservices.payment.domain.service.PaymentRequestMessageListenerTest]: no resource found for suffixes {-context.xml, Context.groovy}.
04-12-2024 14:45:11.930 [main] INFO  o.s.b.t.c.SpringBootTestContextBootstrapper.getDefaultTestExecutionListenerClassNames - Loaded default TestExecutionListener class names from location [META-INF/spring.factories]: [org.springframework.boot.test.mock.mockito.MockitoTestExecutionListener, org.springframework.boot.test.mock.mockito.ResetMocksTestExecutionListener, org.springframework.boot.test.autoconfigure.restdocs.RestDocsTestExecutionListener, org.springframework.boot.test.autoconfigure.web.client.MockRestServiceServerResetTestExecutionListener, org.springframework.boot.test.autoconfigure.web.servlet.MockMvcPrintOnlyOnFailureTestExecutionListener, org.springframework.boot.test.autoconfigure.web.servlet.WebDriverTestExecutionListener, org.springframework.boot.test.autoconfigure.webservices.client.MockWebServiceServerTestExecutionListener, org.springframework.test.context.web.ServletTestExecutionListener, org.springframework.test.context.support.DirtiesContextBeforeModesTestExecutionListener, org.springframework.test.context.event.ApplicationEventsTestExecutionListener, org.springframework.test.context.support.DependencyInjectionTestExecutionListener, org.springframework.test.context.support.DirtiesContextTestExecutionListener, org.springframework.test.context.transaction.TransactionalTestExecutionListener, org.springframework.test.context.jdbc.SqlScriptsTestExecutionListener, org.springframework.test.context.event.EventPublishingTestExecutionListener]
04-12-2024 14:45:11.931 [main] INFO  o.s.b.t.c.SpringBootTestContextBootstrapper.getTestExecutionListeners - Using TestExecutionListeners: [org.springframework.test.context.web.ServletTestExecutionListener@58989a4c, org.springframework.test.context.support.DirtiesContextBeforeModesTestExecutionListener@21833d72, org.springframework.test.context.event.ApplicationEventsTestExecutionListener@17a65cb1, org.springframework.boot.test.mock.mockito.MockitoTestExecutionListener@bb51961, org.springframework.boot.test.autoconfigure.SpringBootDependencyInjectionTestExecutionListener@1763a8a1, org.springframework.test.context.support.DirtiesContextTestExecutionListener@2fb37f92, org.springframework.test.context.transaction.TransactionalTestExecutionListener@a55ed01, org.springframework.test.context.jdbc.SqlScriptsTestExecutionListener@2988933b, org.springframework.test.context.event.EventPublishingTestExecutionListener@2324100b, org.springframework.boot.test.mock.mockito.ResetMocksTestExecutionListener@17dfa412, org.springframework.boot.test.autoconfigure.restdocs.RestDocsTestExecutionListener@32c77e0d, org.springframework.boot.test.autoconfigure.web.client.MockRestServiceServerResetTestExecutionListener@5fbb2225, org.springframework.boot.test.autoconfigure.web.servlet.MockMvcPrintOnlyOnFailureTestExecutionListener@5c9cc591, org.springframework.boot.test.autoconfigure.web.servlet.WebDriverTestExecutionListener@36891524, org.springframework.boot.test.autoconfigure.webservices.client.MockWebServiceServerTestExecutionListener@3fb732ee]
04-12-2024 14:45:11.939 [main] INFO  c.h.u.j.u.p.d.s.t.config.ApiEnvTest.contextLoads - Payment Domain Service
04-12-2024 14:45:11.939 [main] WARN  c.h.u.j.u.p.d.s.t.config.ApiEnvTest.contextLoads - Payment Domain Service
04-12-2024 14:45:11.940 [main] ERROR c.h.u.j.u.p.d.s.t.config.ApiEnvTest.contextLoads - Payment Domain Service
]]></system-out>
  </testcase>
  <testcase name="should_cancelPayment" classname="com.h.udemy.java.uservices.payment.domain.service.PaymentRequestMessageListenerTest" time="0.004">
    <system-out><![CDATA[04-12-2024 14:45:11.945 [main] INFO  c.h.u.j.u.p.d.c.PaymentDomainService.validateAndCancelPayment - Payment request canceled for order id: {0}!
]]></system-out>
  </testcase>
  <testcase name="should_return_FAILED_in_cancelPayment_when_failureMessages_is_not_null" classname="com.h.udemy.java.uservices.payment.domain.service.PaymentRequestMessageListenerTest" time="0.005">
    <system-out><![CDATA[04-12-2024 14:45:11.949 [main] INFO  c.h.u.j.u.p.d.c.PaymentDomainService.validateAndCancelPayment - Payment request failed for order id: {0}!
]]></system-out>
  </testcase>
  <testcase name="should_return_FAILED_in_completePayment_when_failureMessages_is_not_null" classname="com.h.udemy.java.uservices.payment.domain.service.PaymentRequestMessageListenerTest" time="0.005">
    <system-out><![CDATA[04-12-2024 14:45:11.954 [main] INFO  c.h.u.j.u.p.d.c.PaymentDomainService.validateAndInitiatePayment - Payment request failed for order id: {0}!
]]></system-out>
  </testcase>
  <testcase name="should_completePayment" classname="com.h.udemy.java.uservices.payment.domain.service.PaymentRequestMessageListenerTest" time="0.004">
    <system-out><![CDATA[04-12-2024 14:45:11.960 [main] INFO  c.h.u.j.u.p.d.c.PaymentDomainService.validateAndInitiatePayment - Payment request success for order id: {0}!
]]></system-out>
  </testcase>
</testsuite>