<?xml version="1.0" encoding="UTF-8"?>
<testsuite xmlns:xsi="http://www.w3.org/2001/XMLSchema-instance" xsi:noNamespaceSchemaLocation="https://maven.apache.org/surefire/maven-surefire-plugin/xsd/surefire-test-report-3.0.xsd" version="3.0" name="com.h.udemy.java.uservices.rest.OrderControllerV1Test" time="1.214" tests="5" errors="0" skipped="0" failures="0">
  <properties>
[...]
</properties>
  <testcase name="contextLoads" classname="com.h.udemy.java.uservices.rest.OrderControllerV1Test" time="0.03">
    <system-out><![CDATA[04-12-2024 14:44:17.240 [main] INFO  o.s.b.t.c.SpringBootTestContextBootstrapper.buildDefaultMergedContextConfiguration - Neither @ContextConfiguration nor @ContextHierarchy found for test class [com.h.udemy.java.uservices.rest.OrderControllerV1Test], using SpringBootContextLoader
04-12-2024 14:44:17.242 [main] INFO  o.s.t.c.s.AbstractContextLoader.generateDefaultLocations - Could not detect default resource locations for test class [com.h.udemy.java.uservices.rest.OrderControllerV1Test]: no resource found for suffixes {-context.xml, Context.groovy}.
04-12-2024 14:44:17.256 [main] INFO  o.s.b.t.c.SpringBootTestContextBootstrapper.getDefaultTestExecutionListenerClassNames - Loaded default TestExecutionListener class names from location [META-INF/spring.factories]: [org.springframework.boot.test.mock.mockito.MockitoTestExecutionListener, org.springframework.boot.test.mock.mockito.ResetMocksTestExecutionListener, org.springframework.boot.test.autoconfigure.restdocs.RestDocsTestExecutionListener, org.springframework.boot.test.autoconfigure.web.client.MockRestServiceServerResetTestExecutionListener, org.springframework.boot.test.autoconfigure.web.servlet.MockMvcPrintOnlyOnFailureTestExecutionListener, org.springframework.boot.test.autoconfigure.web.servlet.WebDriverTestExecutionListener, org.springframework.boot.test.autoconfigure.webservices.client.MockWebServiceServerTestExecutionListener, org.springframework.test.context.web.ServletTestExecutionListener, org.springframework.test.context.support.DirtiesContextBeforeModesTestExecutionListener, org.springframework.test.context.event.ApplicationEventsTestExecutionListener, org.springframework.test.context.support.DependencyInjectionTestExecutionListener, org.springframework.test.context.support.DirtiesContextTestExecutionListener, org.springframework.test.context.transaction.TransactionalTestExecutionListener, org.springframework.test.context.jdbc.SqlScriptsTestExecutionListener, org.springframework.test.context.event.EventPublishingTestExecutionListener]
04-12-2024 14:44:17.258 [main] INFO  o.s.b.t.c.SpringBootTestContextBootstrapper.getTestExecutionListeners - Using TestExecutionListeners: [org.springframework.test.context.web.ServletTestExecutionListener@3cac962e, org.springframework.test.context.support.DirtiesContextBeforeModesTestExecutionListener@4baca539, org.springframework.test.context.event.ApplicationEventsTestExecutionListener@5ada5fd3, org.springframework.boot.test.mock.mockito.MockitoTestExecutionListener@4d36c8cb, org.springframework.boot.test.autoconfigure.SpringBootDependencyInjectionTestExecutionListener@15733aa5, org.springframework.test.context.support.DirtiesContextTestExecutionListener@3b58d05f, org.springframework.test.context.transaction.TransactionalTestExecutionListener@33f42420, org.springframework.test.context.jdbc.SqlScriptsTestExecutionListener@487fc205, org.springframework.test.context.event.EventPublishingTestExecutionListener@44556fbd, org.springframework.boot.test.mock.mockito.ResetMocksTestExecutionListener@39f29540, org.springframework.boot.test.autoconfigure.restdocs.RestDocsTestExecutionListener@2bb5637a, org.springframework.boot.test.autoconfigure.web.client.MockRestServiceServerResetTestExecutionListener@1decf3e3, org.springframework.boot.test.autoconfigure.web.servlet.MockMvcPrintOnlyOnFailureTestExecutionListener@722b4f64, org.springframework.boot.test.autoconfigure.web.servlet.WebDriverTestExecutionListener@5fde8cf4, org.springframework.boot.test.autoconfigure.webservices.client.MockWebServiceServerTestExecutionListener@5f708ac6]

  .   ____          _            __ _ _
 /\\ / ___'_ __ _ _(_)_ __  __ _ \ \ \ \
( ( )\___ | '_ | '_| | '_ \/ _` | \ \ \ \
 \\/  ___)| |_)| | | | | || (_| |  ) ) ) )
  '  |____| .__|_| |_|_| |_\__, | / / / /
 =========|_|==============|___/=/_/_/_/
 :: Spring Boot ::               (v2.6.14)

04-12-2024 14:44:17.295 [main] INFO  c.h.u.j.u.rest.OrderControllerV1Test.logStarting - Starting OrderControllerV1Test using Java 17.0.5 on PTXXXLPF4A6XVN with PID 40380 (started by henrique.rosa in C:\dev\training\udemy\Microservices-Clean-Architecture-DDD-SAGA-Outbox-Kafka\order-service\order-application)
04-12-2024 14:44:17.295 [main] INFO  c.h.u.j.u.rest.OrderControllerV1Test.logStartupProfileInfo - No active profile set, falling back to 1 default profile: "default"
04-12-2024 14:44:17.644 [main] INFO  o.s.b.w.e.tomcat.TomcatWebServer.initialize - Tomcat initialized with port(s): 0 (http)
04-12-2024 14:44:17.646 [main] INFO  o.a.coyote.http11.Http11NioProtocol.log - Initializing ProtocolHandler ["http-nio-auto-2"]
04-12-2024 14:44:17.647 [main] INFO  o.a.catalina.core.StandardService.log - Starting service [Tomcat]
04-12-2024 14:44:17.648 [main] INFO  o.a.catalina.core.StandardEngine.log - Starting Servlet engine: [Apache Tomcat/9.0.69]
04-12-2024 14:44:17.667 [main] INFO  o.a.c.c.C.[Tomcat-1].[localhost].[/].log - Initializing Spring embedded WebApplicationContext
04-12-2024 14:44:17.667 [main] INFO  o.s.b.w.s.c.ServletWebServerApplicationContext.prepareWebApplicationContext - Root WebApplicationContext: initialization completed in 370 ms
04-12-2024 14:44:17.979 [main] INFO  o.a.c.c.C.[Tomcat-1].[localhost].[/].log - Initializing Spring TestDispatcherServlet ''
04-12-2024 14:44:17.979 [main] INFO  o.s.t.w.s.TestDispatcherServlet.initServletBean - Initializing Servlet ''
04-12-2024 14:44:17.980 [main] INFO  o.s.t.w.s.TestDispatcherServlet.initServletBean - Completed initialization in 1 ms
04-12-2024 14:44:17.995 [main] INFO  o.a.coyote.http11.Http11NioProtocol.log - Starting ProtocolHandler ["http-nio-auto-2"]
04-12-2024 14:44:18.003 [main] INFO  o.s.b.w.e.tomcat.TomcatWebServer.start - Tomcat started on port(s): 49990 (http) with context path ''
04-12-2024 14:44:18.005 [main] INFO  c.h.u.j.u.rest.OrderControllerV1Test.logStarted - Started OrderControllerV1Test in 0.744 seconds (JVM running for 5.828)
04-12-2024 14:44:18.052 [main] INFO  c.h.u.j.u.t.u.c.ApiEnvTestConfig.contextLoads - common-domain ApiEnvTestConfig -- contextLoads --
]]></system-out>
  </testcase>
  <testcase name="when_fetchAllOrder_should_return_200" classname="com.h.udemy.java.uservices.rest.OrderControllerV1Test" time="0.229">
    <system-out><![CDATA[04-12-2024 14:44:18.178 [main] INFO  c.h.u.j.u.rest.v1.OrderControllerV1.fetchAllOrder - All Tracking Orders. Tracking ALL: 1

MockHttpServletRequest:
      HTTP Method = GET
      Request URI = /v1/orders
       Parameters = {}
          Headers = [Content-Type:"application/json;charset=UTF-8", Accept:"*/*"]
             Body = null
    Session Attrs = {}

Handler:
             Type = com.h.udemy.java.uservices.rest.v1.OrderControllerV1
           Method = com.h.udemy.java.uservices.rest.v1.OrderControllerV1#fetchAllOrder()

Async:
    Async started = false
     Async result = null

Resolved Exception:
             Type = null

ModelAndView:
        View name = null
             View = null
            Model = null

FlashMap:
       Attributes = null

MockHttpServletResponse:
           Status = 200
    Error message = null
          Headers = [Content-Type:"application/vnd.api.v1+json"]
     Content type = application/vnd.api.v1+json
             Body = [{"orderTrackingId":"89b0b3e0-7a3a-4a3b-9938-c7cbd090b074","orderStatus":null,"failureMessages":[]}]
    Forwarded URL = null
   Redirected URL = null
          Cookies = []
]]></system-out>
  </testcase>
  <testcase name="when_createOrder_should_return_201" classname="com.h.udemy.java.uservices.rest.OrderControllerV1Test" time="0.12">
    <system-out><![CDATA[04-12-2024 14:44:18.372 [main] INFO  c.h.u.j.u.rest.v1.OrderControllerV1.createOrder - Creating Order with ID: 6c1cdc4d-2b8f-4582-b765-349931ddb653 at restaurant: e42502d3-6099-44ad-bcbe-e30f85ec9d9e
:: -> time diff: 306800
:: -> time diff: 201500
04-12-2024 14:44:18.403 [main] INFO  c.h.u.j.u.o.s.d.OrderDomainService.validateAndInitiateOrder - Order with ID: [{0}] is initiated
04-12-2024 14:44:18.404 [main] WARN  c.h.u.j.u.o.s.d.OrderCreateHelper.persistOrder - Order is created with ID: [{0}]b2f36b4d-2d29-472b-976c-e462e2b20127
04-12-2024 14:44:18.405 [main] INFO  c.h.u.j.u.rest.v1.OrderControllerV1.createOrder - Order created. Tracking ID: 80c6b2bf-0041-4481-bf14-912553b9dc86

MockHttpServletRequest:
      HTTP Method = POST
      Request URI = /v1/orders
       Parameters = {}
          Headers = [Content-Type:"application/json;charset=UTF-8", Accept:"*/*", Content-Length:"441"]
             Body = {"customerId":"6c1cdc4d-2b8f-4582-b765-349931ddb653","restaurantId":"e42502d3-6099-44ad-bcbe-e30f85ec9d9e","price":54.9500000000000028421709430404007434844970703125,"items":[{"productId":"ae15c1e1-86a9-48cf-87fd-11f5b16c404a","quantity":5,"price":10.9900000000000002131628207280300557613372802734375,"subtotal":54.9500000000000010658141036401502788066864013671875}],"address":{"street":"sweet street","city":"01234-99","postalCode":"Tokio"}}
    Session Attrs = {}

Handler:
             Type = com.h.udemy.java.uservices.rest.v1.OrderControllerV1
           Method = com.h.udemy.java.uservices.rest.v1.OrderControllerV1#createOrder(CreateOrderCommand)

Async:
    Async started = false
     Async result = null

Resolved Exception:
             Type = null

ModelAndView:
        View name = null
             View = null
            Model = null

FlashMap:
       Attributes = null

MockHttpServletResponse:
           Status = 201
    Error message = null
          Headers = [Content-Type:"application/vnd.api.v1+json"]
     Content type = application/vnd.api.v1+json
             Body = {"trackingId":"80c6b2bf-0041-4481-bf14-912553b9dc86","orderStatus":"PENDING","message":"Order created successfully"}
    Forwarded URL = null
   Redirected URL = null
          Cookies = []
]]></system-out>
  </testcase>
  <testcase name="when_fetchOrderByTrackingId_should_return_200" classname="com.h.udemy.java.uservices.rest.OrderControllerV1Test" time="0.012">
    <system-out><![CDATA[04-12-2024 14:44:18.419 [main] INFO  c.h.u.j.u.rest.v1.OrderControllerV1.fetchOrderByTrackingId - Tracking Order. Tracking ID: 89b0b3e0-7a3a-4a3b-9938-c7cbd090b074

MockHttpServletRequest:
      HTTP Method = GET
      Request URI = /v1/orders/by-tracking-id
       Parameters = {trackingId=[89b0b3e0-7a3a-4a3b-9938-c7cbd090b074]}
          Headers = [Content-Type:"application/json;charset=UTF-8", Accept:"*/*"]
             Body = null
    Session Attrs = {}

Handler:
             Type = com.h.udemy.java.uservices.rest.v1.OrderControllerV1
           Method = com.h.udemy.java.uservices.rest.v1.OrderControllerV1#fetchOrderByTrackingId(UUID)

Async:
    Async started = false
     Async result = null

Resolved Exception:
             Type = null

ModelAndView:
        View name = null
             View = null
            Model = null

FlashMap:
       Attributes = null

MockHttpServletResponse:
           Status = 200
    Error message = null
          Headers = [Content-Type:"application/vnd.api.v1+json"]
     Content type = application/vnd.api.v1+json
             Body = {"orderTrackingId":"89b0b3e0-7a3a-4a3b-9938-c7cbd090b074","orderStatus":null,"failureMessages":[]}
    Forwarded URL = null
   Redirected URL = null
          Cookies = []
]]></system-out>
  </testcase>
  <testcase name="when_fetchOrderByTrackingId_with_wrong_UUID_should_return_404" classname="com.h.udemy.java.uservices.rest.OrderControllerV1Test" time="0.009">
    <system-out><![CDATA[04-12-2024 14:44:18.425 [main] WARN  c.h.u.j.u.o.s.d.OrderTrackCommandHandler.trackOrder - Order not found with tracking id: [{0}]21e5851a-cc0a-4a1b-a030-4b57cd945941
04-12-2024 14:44:18.427 [main] ERROR c.h.u.j.u.e.h.OrderApplicationExceptionHandler.handleOrderNotFoundException - Order not found with tracking id: [{0}]21e5851a-cc0a-4a1b-a030-4b57cd945941
com.h.udemy.java.uservices.order.service.domain.exception.OrderNotFoundException: Order not found with tracking id: [{0}]21e5851a-cc0a-4a1b-a030-4b57cd945941
	at com.h.udemy.java.uservices.order.service.domain.OrderTrackCommandHandler.trackOrder(OrderTrackCommandHandler.java:37)
	at com.h.udemy.java.uservices.order.service.domain.OrderApplicationService.trackOrder(OrderApplicationService.java:37)
	at com.h.udemy.java.uservices.order.service.domain.OrderApplicationService$$FastClassBySpringCGLIB$$dc286a6a.invoke(<generated>)
	at org.springframework.cglib.proxy.MethodProxy.invoke(MethodProxy.java:218)
	at org.springframework.aop.framework.CglibAopProxy$CglibMethodInvocation.invokeJoinpoint(CglibAopProxy.java:793)
	at org.springframework.aop.framework.ReflectiveMethodInvocation.proceed(ReflectiveMethodInvocation.java:163)
	at org.springframework.aop.framework.CglibAopProxy$CglibMethodInvocation.proceed(CglibAopProxy.java:763)
	at org.springframework.validation.beanvalidation.MethodValidationInterceptor.invoke(MethodValidationInterceptor.java:123)
	at org.springframework.aop.framework.ReflectiveMethodInvocation.proceed(ReflectiveMethodInvocation.java:186)
	at org.springframework.aop.framework.CglibAopProxy$CglibMethodInvocation.proceed(CglibAopProxy.java:763)
	at org.springframework.aop.framework.CglibAopProxy$DynamicAdvisedInterceptor.intercept(CglibAopProxy.java:708)
	at com.h.udemy.java.uservices.order.service.domain.OrderApplicationService$$EnhancerBySpringCGLIB$$2ed5f82d_2.trackOrder(<generated>)
	at com.h.udemy.java.uservices.rest.v1.OrderControllerV1.fetchOrderByTrackingId(OrderControllerV1.java:60)
	at java.base/jdk.internal.reflect.NativeMethodAccessorImpl.invoke0(Native Method)
	at java.base/jdk.internal.reflect.NativeMethodAccessorImpl.invoke(NativeMethodAccessorImpl.java:77)
	at java.base/jdk.internal.reflect.DelegatingMethodAccessorImpl.invoke(DelegatingMethodAccessorImpl.java:43)
	at java.base/java.lang.reflect.Method.invoke(Method.java:568)
	at org.springframework.web.method.support.InvocableHandlerMethod.doInvoke(InvocableHandlerMethod.java:205)
	at org.springframework.web.method.support.InvocableHandlerMethod.invokeForRequest(InvocableHandlerMethod.java:150)
	at org.springframework.web.servlet.mvc.method.annotation.ServletInvocableHandlerMethod.invokeAndHandle(ServletInvocableHandlerMethod.java:117)
	at org.springframework.web.servlet.mvc.method.annotation.RequestMappingHandlerAdapter.invokeHandlerMethod(RequestMappingHandlerAdapter.java:895)
	at org.springframework.web.servlet.mvc.method.annotation.RequestMappingHandlerAdapter.handleInternal(RequestMappingHandlerAdapter.java:808)
	at org.springframework.web.servlet.mvc.method.AbstractHandlerMethodAdapter.handle(AbstractHandlerMethodAdapter.java:87)
	at org.springframework.web.servlet.DispatcherServlet.doDispatch(DispatcherServlet.java:1071)
	at org.springframework.web.servlet.DispatcherServlet.doService(DispatcherServlet.java:964)
	at org.springframework.web.servlet.FrameworkServlet.processRequest(FrameworkServlet.java:1006)
	at org.springframework.web.servlet.FrameworkServlet.doGet(FrameworkServlet.java:898)
	at javax.servlet.http.HttpServlet.service(HttpServlet.java:670)
	at org.springframework.web.servlet.FrameworkServlet.service(FrameworkServlet.java:883)
	at org.springframework.test.web.servlet.TestDispatcherServlet.service(TestDispatcherServlet.java:72)
	at javax.servlet.http.HttpServlet.service(HttpServlet.java:779)
	at org.springframework.mock.web.MockFilterChain$ServletFilterProxy.doFilter(MockFilterChain.java:167)
	at org.springframework.mock.web.MockFilterChain.doFilter(MockFilterChain.java:134)
	at org.springframework.web.filter.RequestContextFilter.doFilterInternal(RequestContextFilter.java:100)
	at org.springframework.web.filter.OncePerRequestFilter.doFilter(OncePerRequestFilter.java:117)
	at org.springframework.mock.web.MockFilterChain.doFilter(MockFilterChain.java:134)
	at org.springframework.web.filter.FormContentFilter.doFilterInternal(FormContentFilter.java:93)
	at org.springframework.web.filter.OncePerRequestFilter.doFilter(OncePerRequestFilter.java:117)
	at org.springframework.mock.web.MockFilterChain.doFilter(MockFilterChain.java:134)
	at org.springframework.web.filter.CharacterEncodingFilter.doFilterInternal(CharacterEncodingFilter.java:201)
	at org.springframework.web.filter.OncePerRequestFilter.doFilter(OncePerRequestFilter.java:117)
	at org.springframework.mock.web.MockFilterChain.doFilter(MockFilterChain.java:134)
	at org.springframework.test.web.servlet.MockMvc.perform(MockMvc.java:201)
	at com.h.udemy.java.uservices.rest.OrderControllerV1Test.when_fetchOrderByTrackingId_with_wrong_UUID_should_return_404(OrderControllerV1Test.java:115)
	at java.base/jdk.internal.reflect.NativeMethodAccessorImpl.invoke0(Native Method)
	at java.base/jdk.internal.reflect.NativeMethodAccessorImpl.invoke(NativeMethodAccessorImpl.java:77)
	at java.base/jdk.internal.reflect.DelegatingMethodAccessorImpl.invoke(DelegatingMethodAccessorImpl.java:43)
	at java.base/java.lang.reflect.Method.invoke(Method.java:568)
	at org.junit.platform.commons.util.ReflectionUtils.invokeMethod(ReflectionUtils.java:725)
	at org.junit.jupiter.engine.execution.MethodInvocation.proceed(MethodInvocation.java:60)
	at org.junit.jupiter.engine.execution.InvocationInterceptorChain$ValidatingInvocation.proceed(InvocationInterceptorChain.java:131)
	at org.junit.jupiter.engine.extension.TimeoutExtension.intercept(TimeoutExtension.java:149)
	at org.junit.jupiter.engine.extension.TimeoutExtension.interceptTestableMethod(TimeoutExtension.java:140)
	at org.junit.jupiter.engine.extension.TimeoutExtension.interceptTestMethod(TimeoutExtension.java:84)
	at org.junit.jupiter.engine.execution.ExecutableInvoker$ReflectiveInterceptorCall.lambda$ofVoidMethod$0(ExecutableInvoker.java:115)
	at org.junit.jupiter.engine.execution.ExecutableInvoker.lambda$invoke$0(ExecutableInvoker.java:105)
	at org.junit.jupiter.engine.execution.InvocationInterceptorChain$InterceptedInvocation.proceed(InvocationInterceptorChain.java:106)
	at org.junit.jupiter.engine.execution.InvocationInterceptorChain.proceed(InvocationInterceptorChain.java:64)
	at org.junit.jupiter.engine.execution.InvocationInterceptorChain.chainAndInvoke(InvocationInterceptorChain.java:45)
	at org.junit.jupiter.engine.execution.InvocationInterceptorChain.invoke(InvocationInterceptorChain.java:37)
	at org.junit.jupiter.engine.execution.ExecutableInvoker.invoke(ExecutableInvoker.java:104)
	at org.junit.jupiter.engine.execution.ExecutableInvoker.invoke(ExecutableInvoker.java:98)
	at org.junit.jupiter.engine.descriptor.TestMethodTestDescriptor.lambda$invokeTestMethod$7(TestMethodTestDescriptor.java:214)
	at org.junit.platform.engine.support.hierarchical.ThrowableCollector.execute(ThrowableCollector.java:73)
	at org.junit.jupiter.engine.descriptor.TestMethodTestDescriptor.invokeTestMethod(TestMethodTestDescriptor.java:210)
	at org.junit.jupiter.engine.descriptor.TestMethodTestDescriptor.execute(TestMethodTestDescriptor.java:135)
	at org.junit.jupiter.engine.descriptor.TestMethodTestDescriptor.execute(TestMethodTestDescriptor.java:66)
	at org.junit.platform.engine.support.hierarchical.NodeTestTask.lambda$executeRecursively$6(NodeTestTask.java:151)
	at org.junit.platform.engine.support.hierarchical.ThrowableCollector.execute(ThrowableCollector.java:73)
	at org.junit.platform.engine.support.hierarchical.NodeTestTask.lambda$executeRecursively$8(NodeTestTask.java:141)
	at org.junit.platform.engine.support.hierarchical.Node.around(Node.java:137)
	at org.junit.platform.engine.support.hierarchical.NodeTestTask.lambda$executeRecursively$9(NodeTestTask.java:139)
	at org.junit.platform.engine.support.hierarchical.ThrowableCollector.execute(ThrowableCollector.java:73)
	at org.junit.platform.engine.support.hierarchical.NodeTestTask.executeRecursively(NodeTestTask.java:138)
	at org.junit.platform.engine.support.hierarchical.NodeTestTask.execute(NodeTestTask.java:95)
	at java.base/java.util.ArrayList.forEach(ArrayList.java:1511)
	at org.junit.platform.engine.support.hierarchical.SameThreadHierarchicalTestExecutorService.invokeAll(SameThreadHierarchicalTestExecutorService.java:41)
	at org.junit.platform.engine.support.hierarchical.NodeTestTask.lambda$executeRecursively$6(NodeTestTask.java:155)
	at org.junit.platform.engine.support.hierarchical.ThrowableCollector.execute(ThrowableCollector.java:73)
	at org.junit.platform.engine.support.hierarchical.NodeTestTask.lambda$executeRecursively$8(NodeTestTask.java:141)
	at org.junit.platform.engine.support.hierarchical.Node.around(Node.java:137)
	at org.junit.platform.engine.support.hierarchical.NodeTestTask.lambda$executeRecursively$9(NodeTestTask.java:139)
	at org.junit.platform.engine.support.hierarchical.ThrowableCollector.execute(ThrowableCollector.java:73)
	at org.junit.platform.engine.support.hierarchical.NodeTestTask.executeRecursively(NodeTestTask.java:138)
	at org.junit.platform.engine.support.hierarchical.NodeTestTask.execute(NodeTestTask.java:95)
	at java.base/java.util.ArrayList.forEach(ArrayList.java:1511)
	at org.junit.platform.engine.support.hierarchical.SameThreadHierarchicalTestExecutorService.invokeAll(SameThreadHierarchicalTestExecutorService.java:41)
	at org.junit.platform.engine.support.hierarchical.NodeTestTask.lambda$executeRecursively$6(NodeTestTask.java:155)
	at org.junit.platform.engine.support.hierarchical.ThrowableCollector.execute(ThrowableCollector.java:73)
	at org.junit.platform.engine.support.hierarchical.NodeTestTask.lambda$executeRecursively$8(NodeTestTask.java:141)
	at org.junit.platform.engine.support.hierarchical.Node.around(Node.java:137)
	at org.junit.platform.engine.support.hierarchical.NodeTestTask.lambda$executeRecursively$9(NodeTestTask.java:139)
	at org.junit.platform.engine.support.hierarchical.ThrowableCollector.execute(ThrowableCollector.java:73)
	at org.junit.platform.engine.support.hierarchical.NodeTestTask.executeRecursively(NodeTestTask.java:138)
	at org.junit.platform.engine.support.hierarchical.NodeTestTask.execute(NodeTestTask.java:95)
	at org.junit.platform.engine.support.hierarchical.SameThreadHierarchicalTestExecutorService.submit(SameThreadHierarchicalTestExecutorService.java:35)
	at org.junit.platform.engine.support.hierarchical.HierarchicalTestExecutor.execute(HierarchicalTestExecutor.java:57)
	at org.junit.platform.engine.support.hierarchical.HierarchicalTestEngine.execute(HierarchicalTestEngine.java:54)
	at org.junit.platform.launcher.core.EngineExecutionOrchestrator.execute(EngineExecutionOrchestrator.java:107)
	at org.junit.platform.launcher.core.EngineExecutionOrchestrator.execute(EngineExecutionOrchestrator.java:88)
	at org.junit.platform.launcher.core.EngineExecutionOrchestrator.lambda$execute$0(EngineExecutionOrchestrator.java:54)
	at org.junit.platform.launcher.core.EngineExecutionOrchestrator.withInterceptedStreams(EngineExecutionOrchestrator.java:67)
	at org.junit.platform.launcher.core.EngineExecutionOrchestrator.execute(EngineExecutionOrchestrator.java:52)
	at org.junit.platform.launcher.core.DefaultLauncher.execute(DefaultLauncher.java:114)
	at org.junit.platform.launcher.core.DefaultLauncher.execute(DefaultLauncher.java:86)
	at org.junit.platform.launcher.core.DefaultLauncherSession$DelegatingLauncher.execute(DefaultLauncherSession.java:86)
	at org.junit.platform.launcher.core.SessionPerRequestLauncher.execute(SessionPerRequestLauncher.java:53)
	at org.apache.maven.surefire.junitplatform.JUnitPlatformProvider.execute(JUnitPlatformProvider.java:188)
	at org.apache.maven.surefire.junitplatform.JUnitPlatformProvider.invokeAllTests(JUnitPlatformProvider.java:154)
	at org.apache.maven.surefire.junitplatform.JUnitPlatformProvider.invoke(JUnitPlatformProvider.java:128)
	at org.apache.maven.surefire.booter.ForkedBooter.runSuitesInProcess(ForkedBooter.java:428)
	at org.apache.maven.surefire.booter.ForkedBooter.execute(ForkedBooter.java:162)
	at org.apache.maven.surefire.booter.ForkedBooter.run(ForkedBooter.java:562)
	at org.apache.maven.surefire.booter.ForkedBooter.main(ForkedBooter.java:548)

MockHttpServletRequest:
      HTTP Method = GET
      Request URI = /v1/orders/by-tracking-id
       Parameters = {trackingId=[21e5851a-cc0a-4a1b-a030-4b57cd945941]}
          Headers = [Content-Type:"application/json;charset=UTF-8", Accept:"*/*"]
             Body = null
    Session Attrs = {}

Handler:
             Type = com.h.udemy.java.uservices.rest.v1.OrderControllerV1
           Method = com.h.udemy.java.uservices.rest.v1.OrderControllerV1#fetchOrderByTrackingId(UUID)

Async:
    Async started = false
     Async result = null

Resolved Exception:
             Type = com.h.udemy.java.uservices.order.service.domain.exception.OrderNotFoundException

ModelAndView:
        View name = null
             View = null
            Model = null

FlashMap:
       Attributes = null

MockHttpServletResponse:
           Status = 404
    Error message = null
          Headers = [Content-Type:"application/json"]
     Content type = application/json
             Body = {"code":"Not Found","message":"Order not found with tracking id: [{0}]21e5851a-cc0a-4a1b-a030-4b57cd945941"}
    Forwarded URL = null
   Redirected URL = null
          Cookies = []
]]></system-out>
  </testcase>
</testsuite>