GROUP,PACKAGE,CLASS,INSTRUCTION_MISSED,INSTRUCTION_COVERED,BRANCH_MISSED,BRANCH_COVERED,LINE_MISSED,LINE_COVERED,COMPLEXITY_MISSED,COMPLEXITY_COVERED,METHOD_MISSED,METHOD_COVERED
payment-domain-service,com.h.udemy.java.uservices.payment.domain.service,PaymentRequestHelper,0,236,1,9,0,55,1,11,0,7
payment-domain-service,com.h.udemy.java.uservices.payment.domain.service,PaymentRequestMessageListener,43,19,0,0,11,7,3,2,3,2
payment-domain-service,com.h.udemy.java.uservices.payment.domain.service.config,PaymentServiceConfigData,112,3,22,0,2,1,19,1,8,1
payment-domain-service,com.h.udemy.java.uservices.payment.domain.service.mapper,PaymentDataMapper,0,26,0,0,0,6,0,2,0,2
payment-domain-service,com.h.udemy.java.uservices.payment.domain.service.dto,PaymentRequest,12,37,0,0,4,5,4,5,4,5
payment-domain-service,com.h.udemy.java.uservices.payment.domain.service.dto,PaymentRequest.PaymentRequestBuilder,36,36,0,0,0,1,5,5,5,5
payment-domain-service,com.h.udemy.java.uservices.payment.domain.service.exception,PaymentDomainServiceException,0,4,0,0,0,2,0,1,0,1
