<?xml version="1.0" encoding="UTF-8"?>
<testsuite xmlns:xsi="http://www.w3.org/2001/XMLSchema-instance" xsi:noNamespaceSchemaLocation="https://maven.apache.org/surefire/maven-surefire-plugin/xsd/surefire-test-report-3.0.xsd" version="3.0" name="com.h.udemy.java.uservices.domain.messages.log.LogMessagesTest" time="4.222" tests="15" errors="0" skipped="0" failures="0">
  <properties>
[...]
</properties>
  <testcase name="contextLoads" classname="com.h.udemy.java.uservices.domain.messages.log.LogMessagesTest" time="0.573">
    <system-out><![CDATA[14:43:32,155 |-INFO in ch.qos.logback.classic.LoggerContext[default] - Could NOT find resource [logback-test.xml]
14:43:32,155 |-INFO in ch.qos.logback.classic.LoggerContext[default] - Found resource [logback.xml] at [file:/C:/dev/training/udemy/Microservices-Clean-Architecture-DDD-SAGA-Outbox-Kafka/common/common-domain/target/test-classes/logback.xml]
14:43:32,155 |-WARN in ch.qos.logback.classic.LoggerContext[default] - Resource [logback.xml] occurs multiple times on the classpath.
14:43:32,155 |-WARN in ch.qos.logback.classic.LoggerContext[default] - Resource [logback.xml] occurs at [file:/C:/dev/training/udemy/Microservices-Clean-Architecture-DDD-SAGA-Outbox-Kafka/common/common-domain/target/classes/logback.xml]
14:43:32,155 |-WARN in ch.qos.logback.classic.LoggerContext[default] - Resource [logback.xml] occurs at [file:/C:/dev/training/udemy/Microservices-Clean-Architecture-DDD-SAGA-Outbox-Kafka/common/common-domain/target/test-classes/logback.xml]
14:43:32,248 |-INFO in ch.qos.logback.classic.joran.action.ConfigurationAction - debug attribute not set
14:43:32,257 |-INFO in ch.qos.logback.core.joran.action.AppenderAction - About to instantiate appender of type [ch.qos.logback.core.ConsoleAppender]
14:43:32,261 |-INFO in ch.qos.logback.core.joran.action.AppenderAction - Naming appender as [STDOUT]
14:43:32,268 |-INFO in ch.qos.logback.core.joran.action.NestedComplexPropertyIA - Assuming default type [ch.qos.logback.classic.encoder.PatternLayoutEncoder] for [encoder] property
14:43:32,304 |-INFO in ch.qos.logback.core.joran.action.AppenderAction - About to instantiate appender of type [ch.qos.logback.core.rolling.RollingFileAppender]
14:43:32,309 |-INFO in ch.qos.logback.core.joran.action.AppenderAction - Naming appender as [SAVE-TO-FILE]
14:43:32,320 |-INFO in ch.qos.logback.core.rolling.FixedWindowRollingPolicy@69e308c6 - No compression will be used
14:43:32,324 |-INFO in ch.qos.logback.core.rolling.RollingFileAppender[SAVE-TO-FILE] - Active log file name: logs/logs_tests/log.log
14:43:32,324 |-INFO in ch.qos.logback.core.rolling.RollingFileAppender[SAVE-TO-FILE] - File property is set to [logs/logs_tests/log.log]
14:43:32,327 |-INFO in ch.qos.logback.classic.joran.action.RootLoggerAction - Setting level of ROOT logger to INFO
14:43:32,327 |-INFO in ch.qos.logback.core.joran.action.AppenderRefAction - Attaching appender named [STDOUT] to Logger[ROOT]
14:43:32,328 |-INFO in ch.qos.logback.core.joran.action.AppenderRefAction - Attaching appender named [SAVE-TO-FILE] to Logger[ROOT]
14:43:32,328 |-INFO in ch.qos.logback.classic.joran.action.ConfigurationAction - End of configuration.
14:43:32,329 |-INFO in ch.qos.logback.classic.joran.JoranConfigurator@1a1ed4e5 - Registering current configuration as safe fallback point

04-12-2024 14:43:32.441 [main] INFO  o.s.b.t.c.SpringBootTestContextBootstrapper.buildDefaultMergedContextConfiguration - Neither @ContextConfiguration nor @ContextHierarchy found for test class [com.h.udemy.java.uservices.domain.messages.log.LogMessagesTest], using SpringBootContextLoader
04-12-2024 14:43:32.450 [main] INFO  o.s.t.c.s.AbstractContextLoader.generateDefaultLocations - Could not detect default resource locations for test class [com.h.udemy.java.uservices.domain.messages.log.LogMessagesTest]: no resource found for suffixes {-context.xml, Context.groovy}.
04-12-2024 14:43:32.706 [main] INFO  o.s.b.t.c.SpringBootTestContextBootstrapper.getDefaultTestExecutionListenerClassNames - Loaded default TestExecutionListener class names from location [META-INF/spring.factories]: [org.springframework.boot.test.mock.mockito.MockitoTestExecutionListener, org.springframework.boot.test.mock.mockito.ResetMocksTestExecutionListener, org.springframework.boot.test.autoconfigure.restdocs.RestDocsTestExecutionListener, org.springframework.boot.test.autoconfigure.web.client.MockRestServiceServerResetTestExecutionListener, org.springframework.boot.test.autoconfigure.web.servlet.MockMvcPrintOnlyOnFailureTestExecutionListener, org.springframework.boot.test.autoconfigure.web.servlet.WebDriverTestExecutionListener, org.springframework.boot.test.autoconfigure.webservices.client.MockWebServiceServerTestExecutionListener, org.springframework.test.context.web.ServletTestExecutionListener, org.springframework.test.context.support.DirtiesContextBeforeModesTestExecutionListener, org.springframework.test.context.event.ApplicationEventsTestExecutionListener, org.springframework.test.context.support.DependencyInjectionTestExecutionListener, org.springframework.test.context.support.DirtiesContextTestExecutionListener, org.springframework.test.context.transaction.TransactionalTestExecutionListener, org.springframework.test.context.jdbc.SqlScriptsTestExecutionListener, org.springframework.test.context.event.EventPublishingTestExecutionListener]
04-12-2024 14:43:32.727 [main] INFO  o.s.b.t.c.SpringBootTestContextBootstrapper.getTestExecutionListeners - Using TestExecutionListeners: [org.springframework.test.context.web.ServletTestExecutionListener@6d5c2745, org.springframework.test.context.support.DirtiesContextBeforeModesTestExecutionListener@44b29496, org.springframework.test.context.event.ApplicationEventsTestExecutionListener@1947596f, org.springframework.boot.test.mock.mockito.MockitoTestExecutionListener@3078cac, org.springframework.boot.test.autoconfigure.SpringBootDependencyInjectionTestExecutionListener@f6de586, org.springframework.test.context.support.DirtiesContextTestExecutionListener@5f2bd6d9, org.springframework.test.context.event.EventPublishingTestExecutionListener@7c847072, org.springframework.boot.test.mock.mockito.ResetMocksTestExecutionListener@43d9f1a2, org.springframework.boot.test.autoconfigure.restdocs.RestDocsTestExecutionListener@23f86d8a, org.springframework.boot.test.autoconfigure.web.client.MockRestServiceServerResetTestExecutionListener@2264ea32, org.springframework.boot.test.autoconfigure.web.servlet.MockMvcPrintOnlyOnFailureTestExecutionListener@7d3c09ec, org.springframework.boot.test.autoconfigure.web.servlet.WebDriverTestExecutionListener@71e4b308, org.springframework.boot.test.autoconfigure.webservices.client.MockWebServiceServerTestExecutionListener@11900483]

  .   ____          _            __ _ _
 /\\ / ___'_ __ _ _(_)_ __  __ _ \ \ \ \
( ( )\___ | '_ | '_| | '_ \/ _` | \ \ \ \
 \\/  ___)| |_)| | | | | || (_| |  ) ) ) )
  '  |____| .__|_| |_|_| |_\__, | / / / /
 =========|_|==============|___/=/_/_/_/
 :: Spring Boot ::               (v2.6.14)

04-12-2024 14:43:33.278 [background-preinit] INFO  o.h.validator.internal.util.Version.<clinit> - HV000001: Hibernate Validator 6.2.5.Final
04-12-2024 14:43:33.318 [main] INFO  c.h.u.j.u.d.m.log.LogMessagesTest.logStarting - Starting LogMessagesTest using Java 17.0.5 on PTXXXLPF4A6XVN with PID 37144 (started by henrique.rosa in C:\dev\training\udemy\Microservices-Clean-Architecture-DDD-SAGA-Outbox-Kafka\common\common-domain)
04-12-2024 14:43:33.319 [main] INFO  c.h.u.j.u.d.m.log.LogMessagesTest.logStartupProfileInfo - No active profile set, falling back to 1 default profile: "default"
04-12-2024 14:43:34.719 [main] INFO  o.s.b.w.e.tomcat.TomcatWebServer.initialize - Tomcat initialized with port(s): 0 (http)
04-12-2024 14:43:34.734 [main] INFO  o.a.coyote.http11.Http11NioProtocol.log - Initializing ProtocolHandler ["http-nio-auto-1"]
04-12-2024 14:43:34.735 [main] INFO  o.a.catalina.core.StandardService.log - Starting service [Tomcat]
04-12-2024 14:43:34.735 [main] INFO  o.a.catalina.core.StandardEngine.log - Starting Servlet engine: [Apache Tomcat/9.0.69]
04-12-2024 14:43:34.881 [main] INFO  o.a.c.c.C.[Tomcat].[localhost].[/].log - Initializing Spring embedded WebApplicationContext
04-12-2024 14:43:34.882 [main] INFO  o.s.b.w.s.c.ServletWebServerApplicationContext.prepareWebApplicationContext - Root WebApplicationContext: initialization completed in 1525 ms
04-12-2024 14:43:35.612 [main] INFO  o.a.coyote.http11.Http11NioProtocol.log - Starting ProtocolHandler ["http-nio-auto-1"]
04-12-2024 14:43:35.650 [main] INFO  o.s.b.w.e.tomcat.TomcatWebServer.start - Tomcat started on port(s): 58769 (http) with context path ''
04-12-2024 14:43:35.659 [main] INFO  c.h.u.j.u.d.m.log.LogMessagesTest.logStarted - Started LogMessagesTest in 2.655 seconds (JVM running for 4.641)
04-12-2024 14:43:36.224 [main] INFO  c.h.u.j.u.domain.ApiEnvTestConfig.contextLoads - common-domain ApiEnvTestConfig -- contextLoads --
]]></system-out>
  </testcase>
  <testcase name="assure_that_PAYMENT_ERR_NOT_ENOUGH_CREDIT_is_ok" classname="com.h.udemy.java.uservices.domain.messages.log.LogMessagesTest" time="0.009">
    <system-out><![CDATA[04-12-2024 14:43:36.248 [main] INFO  c.h.u.j.u.d.m.log.LogMessagesTest.assure_that_PAYMENT_ERR_NOT_ENOUGH_CREDIT_is_ok - CustomerId: 02a0e281-8bd2-46f5-938e-289143a346a1, does not have enough credit for payment!
]]></system-out>
  </testcase>
  <testcase name="assure_that_ORDER_ID_PROCESSED_SUCCESS_is_ok" classname="com.h.udemy.java.uservices.domain.messages.log.LogMessagesTest" time="0.003">
    <system-out><![CDATA[04-12-2024 14:43:36.251 [main] INFO  c.h.u.j.u.d.m.log.LogMessagesTest.assure_that_ORDER_ID_PROCESSED_SUCCESS_is_ok - Order 02a0e281-8bd2-46f5-938e-289143a346a1 processed successfully
]]></system-out>
  </testcase>
  <testcase name="assure_that_PAYMENT_REQUEST_SUCCESS_FOR_ID_is_ok" classname="com.h.udemy.java.uservices.domain.messages.log.LogMessagesTest" time="0.003">
    <system-out><![CDATA[04-12-2024 14:43:36.255 [main] INFO  c.h.u.j.u.d.m.log.LogMessagesTest.assure_that_PAYMENT_REQUEST_SUCCESS_FOR_ID_is_ok - Payment request success for order id: 02a0e281-8bd2-46f5-938e-289143a346a1!
]]></system-out>
  </testcase>
  <testcase name="assure_that_ORDER_SENT_REQUEST_KAFKA_is_ok" classname="com.h.udemy.java.uservices.domain.messages.log.LogMessagesTest" time="0.003">
    <system-out><![CDATA[04-12-2024 14:43:36.260 [main] INFO  c.h.u.j.u.d.m.log.LogMessagesTest.assure_that_ORDER_SENT_REQUEST_KAFKA_is_ok - Received successful response from Kafka for order id: 02a0e281-8bd2-46f5-938e-289143a346a1, Topic: topicName, Partition: 3, Offset: 2, Timestamp 2024-12-04T14:43:32.737436500Z
]]></system-out>
  </testcase>
  <testcase name="assure_that_ORDER_ERROR_expected_SENDING_REQ_AVRO_KAFKA_is_ok" classname="com.h.udemy.java.uservices.domain.messages.log.LogMessagesTest" time="0.002">
    <system-out><![CDATA[04-12-2024 14:43:36.263 [main] INFO  c.h.u.j.u.d.m.log.LogMessagesTest.assure_that_ORDER_ERROR_expected_SENDING_REQ_AVRO_KAFKA_is_ok - Error while sending TestRequestAvroModel message to Kafka. orderId 02a0e281-8bd2-46f5-938e-289143a346a1, error: Error Message Test
]]></system-out>
  </testcase>
  <testcase name="assure_that_PAYMENT_ERR_CREDIT_HISTORY_NOT_EQUALS_is_ok" classname="com.h.udemy.java.uservices.domain.messages.log.LogMessagesTest" time="0.002">
    <system-out><![CDATA[04-12-2024 14:43:36.265 [main] INFO  c.h.u.j.u.d.m.log.LogMessagesTest.assure_that_PAYMENT_ERR_CREDIT_HISTORY_NOT_EQUALS_is_ok - Credit history total and Current credit is not equal for CustomerId: 02a0e281-8bd2-46f5-938e-289143a346a1!
]]></system-out>
  </testcase>
  <testcase name="assure_that_ORDER_CANCEL_RECEIVED_ID_is_ok" classname="com.h.udemy.java.uservices.domain.messages.log.LogMessagesTest" time="0.003">
    <system-out><![CDATA[04-12-2024 14:43:36.268 [main] INFO  c.h.u.j.u.d.m.log.LogMessagesTest.assure_that_ORDER_CANCEL_RECEIVED_ID_is_ok - Received OrderCancelEvent. orderId: 02a0e281-8bd2-46f5-938e-289143a346a1
]]></system-out>
  </testcase>
  <testcase name="assure_that_PAYMENT_REQUEST_CANCELED_FOR_ID_is_ok" classname="com.h.udemy.java.uservices.domain.messages.log.LogMessagesTest" time="0.002">
    <system-out><![CDATA[04-12-2024 14:43:36.271 [main] INFO  c.h.u.j.u.d.m.log.LogMessagesTest.assure_that_PAYMENT_REQUEST_CANCELED_FOR_ID_is_ok - Payment request canceled for order id: 02a0e281-8bd2-46f5-938e-289143a346a1!
]]></system-out>
  </testcase>
  <testcase name="assure_that_ORDER_ID_PROCESSED_FAILED_is_ok" classname="com.h.udemy.java.uservices.domain.messages.log.LogMessagesTest" time="0.002">
    <system-out><![CDATA[04-12-2024 14:43:36.274 [main] INFO  c.h.u.j.u.d.m.log.LogMessagesTest.assure_that_ORDER_ID_PROCESSED_FAILED_is_ok - Order 02a0e281-8bd2-46f5-938e-289143a346a1 failed!
]]></system-out>
  </testcase>
  <testcase name="assure_that_PAYMENT_ERR_FAILED_FOR_ORDER_ID_is_ok" classname="com.h.udemy.java.uservices.domain.messages.log.LogMessagesTest" time="0.001">
    <system-out><![CDATA[04-12-2024 14:43:36.276 [main] INFO  c.h.u.j.u.d.m.log.LogMessagesTest.assure_that_PAYMENT_ERR_FAILED_FOR_ORDER_ID_is_ok - Payment request failed for order id: 02a0e281-8bd2-46f5-938e-289143a346a1!
]]></system-out>
  </testcase>
  <testcase name="assure_that_ORDER_KAFKA_NUMBER_MODEL_RESPONSES_RECEIVED_is_ok" classname="com.h.udemy.java.uservices.domain.messages.log.LogMessagesTest" time="0.002">
    <system-out><![CDATA[04-12-2024 14:43:36.279 [main] INFO  c.h.u.j.u.d.m.log.LogMessagesTest.assure_that_ORDER_KAFKA_NUMBER_MODEL_RESPONSES_RECEIVED_is_ok - 20 number of MODEL_TEST_NAME responses received. Keys: 19, Partitions: 3, Offsets: 2
]]></system-out>
  </testcase>
  <testcase name="assure_that_ORDER_RECEIVED_ID_is_ok" classname="com.h.udemy.java.uservices.domain.messages.log.LogMessagesTest" time="0.002">
    <system-out><![CDATA[04-12-2024 14:43:36.281 [main] INFO  c.h.u.j.u.d.m.log.LogMessagesTest.assure_that_ORDER_RECEIVED_ID_is_ok - Received OrderCreatedEvent. orderId: 02a0e281-8bd2-46f5-938e-289143a346a1
]]></system-out>
  </testcase>
  <testcase name="assure_that_ORDER_ERROR_WHILE_SENDING_REQUEST_AVRO_is_ok" classname="com.h.udemy.java.uservices.domain.messages.log.LogMessagesTest" time="0.002">
    <system-out><![CDATA[04-12-2024 14:43:36.284 [main] INFO  c.h.u.j.u.d.m.log.LogMessagesTest.assure_that_ORDER_ERROR_WHILE_SENDING_REQUEST_AVRO_is_ok - Error while sending TestRequestAvroModel message Test to topic topicName
]]></system-out>
  </testcase>
  <testcase name="assure_that_ORDER_SUCCESSFUL_RESPONSE_KAFKA_is_ok" classname="com.h.udemy.java.uservices.domain.messages.log.LogMessagesTest" time="0.001">
    <system-out><![CDATA[04-12-2024 14:43:36.286 [main] INFO  c.h.u.j.u.d.m.log.LogMessagesTest.assure_that_ORDER_SUCCESSFUL_RESPONSE_KAFKA_is_ok - PaymentRequestAvroModel sent to Kafka for order id: 02a0e281-8bd2-46f5-938e-289143a346a1
]]></system-out>
  </testcase>
</testsuite>