<?xml version="1.0" encoding="UTF-8"?>
<testsuite xmlns:xsi="http://www.w3.org/2001/XMLSchema-instance" xsi:noNamespaceSchemaLocation="https://maven.apache.org/surefire/maven-surefire-plugin/xsd/surefire-test-report-3.0.xsd" version="3.0" name="com.h.udemy.java.uservices.payment.domain.core.entity.PaymentTest" time="4.378" tests="6" errors="0" skipped="0" failures="0">
  <properties>
[...]
</properties>
  <testcase name="contextLoads" classname="com.h.udemy.java.uservices.payment.domain.core.entity.PaymentTest" time="0.064">
    <system-out><![CDATA[04-12-2024 14:44:58.912 [main] INFO  o.s.b.t.c.SpringBootTestContextBootstrapper.buildDefaultMergedContextConfiguration - Neither @ContextConfiguration nor @ContextHierarchy found for test class [com.h.udemy.java.uservices.payment.domain.core.entity.PaymentTest], using SpringBootContextLoader
04-12-2024 14:44:58.921 [main] INFO  o.s.t.c.s.AbstractContextLoader.generateDefaultLocations - Could not detect default resource locations for test class [com.h.udemy.java.uservices.payment.domain.core.entity.PaymentTest]: no resource found for suffixes {-context.xml, Context.groovy}.
04-12-2024 14:44:59.212 [main] INFO  o.s.b.t.c.SpringBootTestContextBootstrapper.getDefaultTestExecutionListenerClassNames - Loaded default TestExecutionListener class names from location [META-INF/spring.factories]: [org.springframework.boot.test.mock.mockito.MockitoTestExecutionListener, org.springframework.boot.test.mock.mockito.ResetMocksTestExecutionListener, org.springframework.boot.test.autoconfigure.restdocs.RestDocsTestExecutionListener, org.springframework.boot.test.autoconfigure.web.client.MockRestServiceServerResetTestExecutionListener, org.springframework.boot.test.autoconfigure.web.servlet.MockMvcPrintOnlyOnFailureTestExecutionListener, org.springframework.boot.test.autoconfigure.web.servlet.WebDriverTestExecutionListener, org.springframework.boot.test.autoconfigure.webservices.client.MockWebServiceServerTestExecutionListener, org.springframework.test.context.web.ServletTestExecutionListener, org.springframework.test.context.support.DirtiesContextBeforeModesTestExecutionListener, org.springframework.test.context.event.ApplicationEventsTestExecutionListener, org.springframework.test.context.support.DependencyInjectionTestExecutionListener, org.springframework.test.context.support.DirtiesContextTestExecutionListener, org.springframework.test.context.transaction.TransactionalTestExecutionListener, org.springframework.test.context.jdbc.SqlScriptsTestExecutionListener, org.springframework.test.context.event.EventPublishingTestExecutionListener]
04-12-2024 14:44:59.228 [main] INFO  o.s.b.t.c.SpringBootTestContextBootstrapper.getTestExecutionListeners - Using TestExecutionListeners: [org.springframework.test.context.web.ServletTestExecutionListener@5ad5be4a, org.springframework.test.context.support.DirtiesContextBeforeModesTestExecutionListener@3ad85136, org.springframework.test.context.event.ApplicationEventsTestExecutionListener@737d100a, org.springframework.boot.test.mock.mockito.MockitoTestExecutionListener@12e5da86, org.springframework.boot.test.autoconfigure.SpringBootDependencyInjectionTestExecutionListener@6535117e, org.springframework.test.context.support.DirtiesContextTestExecutionListener@1d1cbd0f, org.springframework.test.context.event.EventPublishingTestExecutionListener@6fa13e6, org.springframework.boot.test.mock.mockito.ResetMocksTestExecutionListener@3af7d855, org.springframework.boot.test.autoconfigure.restdocs.RestDocsTestExecutionListener@77049094, org.springframework.boot.test.autoconfigure.web.client.MockRestServiceServerResetTestExecutionListener@f88bfbe, org.springframework.boot.test.autoconfigure.web.servlet.MockMvcPrintOnlyOnFailureTestExecutionListener@59bbe88a, org.springframework.boot.test.autoconfigure.web.servlet.WebDriverTestExecutionListener@5d8ab698, org.springframework.boot.test.autoconfigure.webservices.client.MockWebServiceServerTestExecutionListener@ed91d8d]

  .   ____          _            __ _ _
 /\\ / ___'_ __ _ _(_)_ __  __ _ \ \ \ \
( ( )\___ | '_ | '_| | '_ \/ _` | \ \ \ \
 \\/  ___)| |_)| | | | | || (_| |  ) ) ) )
  '  |____| .__|_| |_|_| |_\__, | / / / /
 =========|_|==============|___/=/_/_/_/
 :: Spring Boot ::               (v2.6.14)

04-12-2024 14:44:59.762 [background-preinit] INFO  o.h.validator.internal.util.Version.<clinit> - HV000001: Hibernate Validator 6.2.5.Final
04-12-2024 14:44:59.811 [main] INFO  c.h.u.j.u.p.d.c.entity.PaymentTest.logStarting - Starting PaymentTest using Java 17.0.5 on PTXXXLPF4A6XVN with PID 5304 (started by henrique.rosa in C:\dev\training\udemy\Microservices-Clean-Architecture-DDD-SAGA-Outbox-Kafka\payment-service\payment-domain\payment-domain-core)
04-12-2024 14:44:59.813 [main] INFO  c.h.u.j.u.p.d.c.entity.PaymentTest.logStartupProfileInfo - No active profile set, falling back to 1 default profile: "default"
04-12-2024 14:45:01.248 [main] INFO  o.s.b.w.e.tomcat.TomcatWebServer.initialize - Tomcat initialized with port(s): 0 (http)
04-12-2024 14:45:01.259 [main] INFO  o.a.coyote.http11.Http11NioProtocol.log - Initializing ProtocolHandler ["http-nio-auto-1"]
04-12-2024 14:45:01.260 [main] INFO  o.a.catalina.core.StandardService.log - Starting service [Tomcat]
04-12-2024 14:45:01.260 [main] INFO  o.a.catalina.core.StandardEngine.log - Starting Servlet engine: [Apache Tomcat/9.0.69]
04-12-2024 14:45:01.409 [main] INFO  o.a.c.c.C.[Tomcat].[localhost].[/].log - Initializing Spring embedded WebApplicationContext
04-12-2024 14:45:01.411 [main] INFO  o.s.b.w.s.c.ServletWebServerApplicationContext.prepareWebApplicationContext - Root WebApplicationContext: initialization completed in 1570 ms
04-12-2024 14:45:02.547 [main] INFO  o.a.c.c.C.[Tomcat].[localhost].[/].log - Initializing Spring TestDispatcherServlet ''
04-12-2024 14:45:02.548 [main] INFO  o.s.t.w.s.TestDispatcherServlet.initServletBean - Initializing Servlet ''
04-12-2024 14:45:02.550 [main] INFO  o.s.t.w.s.TestDispatcherServlet.initServletBean - Completed initialization in 1 ms
04-12-2024 14:45:02.607 [main] INFO  o.a.coyote.http11.Http11NioProtocol.log - Starting ProtocolHandler ["http-nio-auto-1"]
04-12-2024 14:45:02.651 [main] INFO  o.s.b.w.e.tomcat.TomcatWebServer.start - Tomcat started on port(s): 50350 (http) with context path ''
04-12-2024 14:45:02.666 [main] INFO  c.h.u.j.u.p.d.c.entity.PaymentTest.logStarted - Started PaymentTest in 3.182 seconds (JVM running for 5.176)
04-12-2024 14:45:02.739 [main] INFO  c.h.u.j.u.p.d.c.t.config.ApiEnvTest.contextLoads - Payment Domain Core
04-12-2024 14:45:02.740 [main] WARN  c.h.u.j.u.p.d.c.t.config.ApiEnvTest.contextLoads - Payment Domain Core
04-12-2024 14:45:02.740 [main] ERROR c.h.u.j.u.p.d.c.t.config.ApiEnvTest.contextLoads - Payment Domain Core
]]></system-out>
  </testcase>
  <testcase name="validatePayment_NOK" classname="com.h.udemy.java.uservices.payment.domain.core.entity.PaymentTest" time="0.023"/>
  <testcase name="updateStatus_OK_return_completed" classname="com.h.udemy.java.uservices.payment.domain.core.entity.PaymentTest" time="0.008"/>
  <testcase name="validatePayment_OK" classname="com.h.udemy.java.uservices.payment.domain.core.entity.PaymentTest" time="0.005"/>
  <testcase name="updateStatus_OK_return_cancelled" classname="com.h.udemy.java.uservices.payment.domain.core.entity.PaymentTest" time="0.007"/>
  <testcase name="initializePayment_OK" classname="com.h.udemy.java.uservices.payment.domain.core.entity.PaymentTest" time="0.003"/>
</testsuite>