<?xml version="1.0" encoding="UTF-8"?>
<testsuite xmlns:xsi="http://www.w3.org/2001/XMLSchema-instance" xsi:noNamespaceSchemaLocation="https://maven.apache.org/surefire/maven-surefire-plugin/xsd/surefire-test-report-3.0.xsd" version="3.0" name="com.h.udemy.java.uservices.payment.domain.core.PaymentDomainServiceTest" time="0.064" tests="6" errors="0" skipped="0" failures="0">
  <properties>
[...]
</properties>
  <testcase name="contextLoads" classname="com.h.udemy.java.uservices.payment.domain.core.PaymentDomainServiceTest" time="0.004">
    <system-out><![CDATA[04-12-2024 14:45:02.831 [main] INFO  o.s.b.t.c.SpringBootTestContextBootstrapper.buildDefaultMergedContextConfiguration - Neither @ContextConfiguration nor @ContextHierarchy found for test class [com.h.udemy.java.uservices.payment.domain.core.PaymentDomainServiceTest], using SpringBootContextLoader
04-12-2024 14:45:02.833 [main] INFO  o.s.t.c.s.AbstractContextLoader.generateDefaultLocations - Could not detect default resource locations for test class [com.h.udemy.java.uservices.payment.domain.core.PaymentDomainServiceTest]: no resource found for suffixes {-context.xml, Context.groovy}.
04-12-2024 14:45:02.836 [main] INFO  o.s.b.t.c.SpringBootTestContextBootstrapper.getDefaultTestExecutionListenerClassNames - Loaded default TestExecutionListener class names from location [META-INF/spring.factories]: [org.springframework.boot.test.mock.mockito.MockitoTestExecutionListener, org.springframework.boot.test.mock.mockito.ResetMocksTestExecutionListener, org.springframework.boot.test.autoconfigure.restdocs.RestDocsTestExecutionListener, org.springframework.boot.test.autoconfigure.web.client.MockRestServiceServerResetTestExecutionListener, org.springframework.boot.test.autoconfigure.web.servlet.MockMvcPrintOnlyOnFailureTestExecutionListener, org.springframework.boot.test.autoconfigure.web.servlet.WebDriverTestExecutionListener, org.springframework.boot.test.autoconfigure.webservices.client.MockWebServiceServerTestExecutionListener, org.springframework.test.context.web.ServletTestExecutionListener, org.springframework.test.context.support.DirtiesContextBeforeModesTestExecutionListener, org.springframework.test.context.event.ApplicationEventsTestExecutionListener, org.springframework.test.context.support.DependencyInjectionTestExecutionListener, org.springframework.test.context.support.DirtiesContextTestExecutionListener, org.springframework.test.context.transaction.TransactionalTestExecutionListener, org.springframework.test.context.jdbc.SqlScriptsTestExecutionListener, org.springframework.test.context.event.EventPublishingTestExecutionListener]
04-12-2024 14:45:02.837 [main] INFO  o.s.b.t.c.SpringBootTestContextBootstrapper.getTestExecutionListeners - Using TestExecutionListeners: [org.springframework.test.context.web.ServletTestExecutionListener@6c54bc3, org.springframework.test.context.support.DirtiesContextBeforeModesTestExecutionListener@dcaa310, org.springframework.test.context.event.ApplicationEventsTestExecutionListener@2492f6fb, org.springframework.boot.test.mock.mockito.MockitoTestExecutionListener@155afbd7, org.springframework.boot.test.autoconfigure.SpringBootDependencyInjectionTestExecutionListener@396d21ec, org.springframework.test.context.support.DirtiesContextTestExecutionListener@61e7d7f2, org.springframework.test.context.event.EventPublishingTestExecutionListener@52f1d01b, org.springframework.boot.test.mock.mockito.ResetMocksTestExecutionListener@10371dd1, org.springframework.boot.test.autoconfigure.restdocs.RestDocsTestExecutionListener@40053c7a, org.springframework.boot.test.autoconfigure.web.client.MockRestServiceServerResetTestExecutionListener@1f022bcf, org.springframework.boot.test.autoconfigure.web.servlet.MockMvcPrintOnlyOnFailureTestExecutionListener@43af513c, org.springframework.boot.test.autoconfigure.web.servlet.WebDriverTestExecutionListener@6bde050d, org.springframework.boot.test.autoconfigure.webservices.client.MockWebServiceServerTestExecutionListener@25102e0]
04-12-2024 14:45:02.846 [main] INFO  c.h.u.j.u.p.d.c.t.config.ApiEnvTest.contextLoads - Payment Domain Core
04-12-2024 14:45:02.846 [main] WARN  c.h.u.j.u.p.d.c.t.config.ApiEnvTest.contextLoads - Payment Domain Core
04-12-2024 14:45:02.847 [main] ERROR c.h.u.j.u.p.d.c.t.config.ApiEnvTest.contextLoads - Payment Domain Core
]]></system-out>
  </testcase>
  <testcase name="should_validateAndCancelPayment" classname="com.h.udemy.java.uservices.payment.domain.core.PaymentDomainServiceTest" time="0.009">
    <system-out><![CDATA[04-12-2024 14:45:02.856 [main] INFO  c.h.u.j.u.p.d.c.PaymentDomainService.validateAndCancelPayment - Payment request canceled for order id: {0}!
]]></system-out>
  </testcase>
  <testcase name="should_validateAndInitiatePayment" classname="com.h.udemy.java.uservices.payment.domain.core.PaymentDomainServiceTest" time="0.006">
    <system-out><![CDATA[04-12-2024 14:45:02.864 [main] INFO  c.h.u.j.u.p.d.c.PaymentDomainService.validateAndInitiatePayment - Payment request success for order id: {0}!
]]></system-out>
  </testcase>
  <testcase name="should_return_NOK_validateAndInitiatePayment_when_debit_history_is_greater" classname="com.h.udemy.java.uservices.payment.domain.core.PaymentDomainServiceTest" time="0.01">
    <system-out><![CDATA[04-12-2024 14:45:02.876 [main] ERROR c.h.u.j.u.p.d.c.PaymentDomainService.validateCreditEntry - CustomerId: {0}, does not have enough credit for payment!
04-12-2024 14:45:02.877 [main] ERROR c.h.u.j.u.p.d.c.PaymentDomainService.validateCreditHistory - CustomerId: {0}, does not have enough credit for payment!
04-12-2024 14:45:02.878 [main] ERROR c.h.u.j.u.p.d.c.PaymentDomainService.validateCreditHistory - Credit history total and Current credit is not equal for CustomerId: {0}!
04-12-2024 14:45:02.878 [main] INFO  c.h.u.j.u.p.d.c.PaymentDomainService.validateAndInitiatePayment - Payment request failed for order id: {0}!
]]></system-out>
  </testcase>
  <testcase name="should_return_NOK_validateAndInitiatePayment_when_payment_is_greater_than_credit" classname="com.h.udemy.java.uservices.payment.domain.core.PaymentDomainServiceTest" time="0.005">
    <system-out><![CDATA[04-12-2024 14:45:02.884 [main] ERROR c.h.u.j.u.p.d.c.PaymentDomainService.validateCreditEntry - CustomerId: {0}, does not have enough credit for payment!
04-12-2024 14:45:02.885 [main] ERROR c.h.u.j.u.p.d.c.PaymentDomainService.validateCreditHistory - Credit history total and Current credit is not equal for CustomerId: {0}!
04-12-2024 14:45:02.886 [main] INFO  c.h.u.j.u.p.d.c.PaymentDomainService.validateAndInitiatePayment - Payment request failed for order id: {0}!
]]></system-out>
  </testcase>
  <testcase name="should_validateAndCancelPayment_with_Failed_status" classname="com.h.udemy.java.uservices.payment.domain.core.PaymentDomainServiceTest" time="0.003">
    <system-out><![CDATA[04-12-2024 14:45:02.891 [main] INFO  c.h.u.j.u.p.d.c.PaymentDomainService.validateAndCancelPayment - Payment request failed for order id: {0}!
]]></system-out>
  </testcase>
</testsuite>